<?xml version="1.0" encoding="UTF-8"?>
<!-- Generated by org.testng.reporters.JUnitReportReporter -->
<testsuite hostname="DESKTOP-INPF4IA" failures="3" tests="3" name="cucumberOptions.FailedTestRunner" time="15.410" errors="0" timestamp="2024-05-20T20:55:53 CEST" skipped="0">
  <testcase classname="cucumberOptions.FailedTestRunner" name="runScenario" time="5.005">
    <failure message="The URL does not contain &#039;testify&#039; expected [true] but found [false]" type="java.lang.AssertionError">
      <![CDATA[java.lang.AssertionError: The URL does not contain 'testify' expected [true] but found [false]
at org.testng.Assert.fail(Assert.java:111)
at org.testng.Assert.failNotEquals(Assert.java:1578)
at org.testng.Assert.assertTrue(Assert.java:57)
at StepDefinitions.checkoutFormStepDef.user_is_on_green_cart_landing_page(checkoutFormStepDef.java:34)
at ✽.je suis sur la page du formulaire de contact(file:///C:/Users/skand/eclipse-workspace/CucumberFramework/src/test/java/features/checkoutForm.feature:4)
]]>
    </failure>
  </testcase> <!-- runScenario -->
  <testcase classname="cucumberOptions.FailedTestRunner" name="runScenario" time="5.166">
    <failure message="The URL does not contain &#039;testify&#039; expected [true] but found [false]" type="java.lang.AssertionError">
      <![CDATA[java.lang.AssertionError: The URL does not contain 'testify' expected [true] but found [false]
at org.testng.Assert.fail(Assert.java:111)
at org.testng.Assert.failNotEquals(Assert.java:1578)
at org.testng.Assert.assertTrue(Assert.java:57)
at StepDefinitions.checkoutFormStepDef.user_is_on_green_cart_landing_page(checkoutFormStepDef.java:34)
at ✽.je suis sur la page du formulaire de contact(file:///C:/Users/skand/eclipse-workspace/CucumberFramework/src/test/java/features/checkoutForm.feature:4)
]]>
    </failure>
  </testcase> <!-- runScenario -->
  <testcase classname="cucumberOptions.FailedTestRunner" name="runScenario" time="5.239">
    <failure message="The URL does not contain &#039;testify&#039; expected [true] but found [false]" type="java.lang.AssertionError">
      <![CDATA[java.lang.AssertionError: The URL does not contain 'testify' expected [true] but found [false]
at org.testng.Assert.fail(Assert.java:111)
at org.testng.Assert.failNotEquals(Assert.java:1578)
at org.testng.Assert.assertTrue(Assert.java:57)
at StepDefinitions.checkoutFormStepDef.user_is_on_green_cart_landing_page(checkoutFormStepDef.java:34)
at ✽.je suis sur la page du formulaire de contact(file:///C:/Users/skand/eclipse-workspace/CucumberFramework/src/test/java/features/checkoutForm.feature:4)
]]>
    </failure>
  </testcase> <!-- runScenario -->
</testsuite> <!-- cucumberOptions.FailedTestRunner -->
